0 info it worked if it ends with ok
1 verbose cli [ '/usr/bin/node', '/usr/bin/npm', 'run', 'build' ]
2 info using npm@3.10.3
3 info using node@v6.7.0
4 verbose run-script [ 'prebuild', 'build', 'postbuild' ]
5 info lifecycle www@1.0.0~prebuild: www@1.0.0
6 silly lifecycle www@1.0.0~prebuild: no script for prebuild, continuing
7 info lifecycle www@1.0.0~build: www@1.0.0
8 verbose lifecycle www@1.0.0~build: unsafe-perm in lifecycle true
9 verbose lifecycle www@1.0.0~build: PATH: /usr/lib/node_modules/npm/bin/node-gyp-bin:/var/www/html/wp-content/plugins/sentimental/sentilib/node_modules/.bin:/usr/bin:/usr/local/sbin:/usr/local/bin:/usr/sbin:/usr/bin:/sbin:/bin
10 verbose lifecycle www@1.0.0~build: CWD: /var/www/html/wp-content/plugins/sentimental/sentilib
11 silly lifecycle www@1.0.0~build: Args: [ '-c', 'NODE_ENV=production webpack --optimize-minimize' ]
12 silly lifecycle www@1.0.0~build: Returned: code: 1  signal: null
13 info lifecycle www@1.0.0~build: Failed to exec build script
14 verbose stack Error: www@1.0.0 build: `NODE_ENV=production webpack --optimize-minimize`
14 verbose stack Exit status 1
14 verbose stack     at EventEmitter.<anonymous> (/usr/lib/node_modules/npm/lib/utils/lifecycle.js:242:16)
14 verbose stack     at emitTwo (events.js:106:13)
14 verbose stack     at EventEmitter.emit (events.js:191:7)
14 verbose stack     at ChildProcess.<anonymous> (/usr/lib/node_modules/npm/lib/utils/spawn.js:40:14)
14 verbose stack     at emitTwo (events.js:106:13)
14 verbose stack     at ChildProcess.emit (events.js:191:7)
14 verbose stack     at maybeClose (internal/child_process.js:877:16)
14 verbose stack     at Process.ChildProcess._handle.onexit (internal/child_process.js:226:5)
15 verbose pkgid www@1.0.0
16 verbose cwd /var/www/html/wp-content/plugins/sentimental/sentilib
17 error Linux 5.10.47-linuxkit
18 error argv "/usr/bin/node" "/usr/bin/npm" "run" "build"
19 error node v6.7.0
20 error npm  v3.10.3
21 error code ELIFECYCLE
22 error www@1.0.0 build: `NODE_ENV=production webpack --optimize-minimize`
22 error Exit status 1
23 error Failed at the www@1.0.0 build script 'NODE_ENV=production webpack --optimize-minimize'.
23 error Make sure you have the latest version of node.js and npm installed.
23 error If you do, this is most likely a problem with the www package,
23 error not with npm itself.
23 error Tell the author that this fails on your system:
23 error     NODE_ENV=production webpack --optimize-minimize
23 error You can get information on how to open an issue for this project with:
23 error     npm bugs www
23 error Or if that isn't available, you can get their info via:
23 error     npm owner ls www
23 error There is likely additional logging output above.
24 verbose exit [ 1, true ]
